<?xml version="1.0" encoding="UTF-8"?>
<!-- Generated by org.testng.reporters.JUnitXMLReporter -->
<testsuite ignored="0" hostname="DESKTOP-M67QQ0H" failures="0" tests="3" name="Default test" time="23.663" errors="0" timestamp="2023-12-01T10:20:30 IST">
  <testcase classname="tests.Logintest" name="testLoginPage" time="5.113"/>
  <testcase classname="tests.Logintest" name="testLoginPage" time="6.585"/>
  <testcase classname="tests.Logintest" name="testLoginPage" time="4.723"/>
</testsuite> <!-- Default test -->
