<?xml version="1.0" encoding="UTF-8"?>
<!-- Generated by org.testng.reporters.JUnitXMLReporter -->
<testsuite ignored="0" hostname="DESKTOP-M67QQ0H" failures="0" tests="3" name="Test" time="35.418" errors="0" timestamp="2023-12-01T11:44:03 IST">
  <testcase classname="tests.Logintest" name="testLoginPage" time="5.871"/>
  <testcase classname="tests.Logintest" name="testLoginPage" time="7.288"/>
  <testcase classname="tests.Logintest" name="testLoginPage" time="5.632"/>
</testsuite> <!-- Test -->
